
> webapp@0.0.0 build
> tsc && vite build

vite v4.5.14 building for production...
transforming...
✓ 699 modules transformed.
✓ built in 2.71s
[vite]: Rollup failed to resolve import "@babel/runtime/helpers/typeof" from "/Users/auxiliadorarizo/Desktop/Firabase - 1/Firabase-1/node_modules/jspdf/dist/jspdf.es.min.js".
This is most likely unintended because it can break your application at runtime.
If you do want to externalize this module explicitly add it to
`build.rollupOptions.external`
error during build:
Error: [vite]: Rollup failed to resolve import "@babel/runtime/helpers/typeof" from "/Users/auxiliadorarizo/Desktop/Firabase - 1/Firabase-1/node_modules/jspdf/dist/jspdf.es.min.js".
This is most likely unintended because it can break your application at runtime.
If you do want to externalize this module explicitly add it to
`build.rollupOptions.external`
    at viteWarn (file:///Users/auxiliadorarizo/Desktop/Firabase%20-%201/Firabase-1/node_modules/vite/dist/node/chunks/dep-827b23df.js:48272:27)
    at onwarn (file:///Users/auxiliadorarizo/Desktop/Firabase%20-%201/Firabase-1/node_modules/@vitejs/plugin-react/dist/index.js:90:7)
    at onRollupWarning (file:///Users/auxiliadorarizo/Desktop/Firabase%20-%201/Firabase-1/node_modules/vite/dist/node/chunks/dep-827b23df.js:48301:9)
    at onwarn (file:///Users/auxiliadorarizo/Desktop/Firabase%20-%201/Firabase-1/node_modules/vite/dist/node/chunks/dep-827b23df.js:48032:13)
    at file:///Users/auxiliadorarizo/Desktop/Firabase%20-%201/Firabase-1/node_modules/rollup/dist/es/shared/node-entry.js:24276:13
    at Object.logger [as onLog] (file:///Users/auxiliadorarizo/Desktop/Firabase%20-%201/Firabase-1/node_modules/rollup/dist/es/shared/node-entry.js:25950:9)
    at ModuleLoader.handleInvalidResolvedId (file:///Users/auxiliadorarizo/Desktop/Firabase%20-%201/Firabase-1/node_modules/rollup/dist/es/shared/node-entry.js:24862:26)
    at file:///Users/auxiliadorarizo/Desktop/Firabase%20-%201/Firabase-1/node_modules/rollup/dist/es/shared/node-entry.js:24822:26
npm error Lifecycle script `build` failed with error:
npm error code 1
npm error path /Users/auxiliadorarizo/Desktop/Firabase - 1/Firabase-1/webapp
npm error workspace webapp@0.0.0
npm error location /Users/auxiliadorarizo/Desktop/Firabase - 1/Firabase-1/webapp
npm error command failed
npm error command sh -c tsc && vite build
